<?xml version="1.0" encoding="UTF-8"?>
<!DOCTYPE coverage SYSTEM "https://raw.githubusercontent.com/cobertura/cobertura/master/cobertura/src/site/htdocs/xml/coverage-04.dtd">
<coverage line-rate="0.732394366197183" branch-rate="0" lines-covered="52" lines-valid="71" branches-covered="0" branches-valid="0" complexity="0" version="3.6.2" timestamp="2023-07-21 19:58:50.99178">
  <sources>
    <source>/__w/scda/scda/scda</source>
  </sources>
  <packages>
    <package name="scda" line-rate="0.732394366197183" branch-rate="0" complexity="0">
      <classes>
        <class name="synthetic_cdisc_data.R" filename="R/synthetic_cdisc_data.R" line-rate="0.766666666666667" branch-rate="0" complexity="0">
          <methods>
            <method name="synthetic_cdisc_dataset" signature="" line-rate="0.9375" branch-rate="0" complexity="0">
              <lines>
                <line number="17" hits="2" branch="false"/>
                <line number="18" hits="2" branch="false"/>
                <line number="20" hits="2" branch="false"/>
                <line number="21" hits="0" branch="false"/>
                <line number="24" hits="2" branch="false"/>
                <line number="25" hits="1" branch="false"/>
                <line number="28" hits="2" branch="false"/>
                <line number="29" hits="2" branch="false"/>
                <line number="30" hits="2" branch="false"/>
                <line number="31" hits="2" branch="false"/>
                <line number="33" hits="2" branch="false"/>
                <line number="35" hits="2" branch="false"/>
                <line number="37" hits="2" branch="false"/>
                <line number="38" hits="2" branch="false"/>
                <line number="39" hits="2" branch="false"/>
                <line number="41" hits="2" branch="false"/>
              </lines>
            </method>
            <method name="synthetic_cdisc_data" signature="" line-rate="0.933333333333333" branch-rate="0" complexity="0">
              <lines>
                <line number="63" hits="2" branch="false"/>
                <line number="65" hits="2" branch="false"/>
                <line number="66" hits="0" branch="false"/>
                <line number="69" hits="2" branch="false"/>
                <line number="70" hits="1" branch="false"/>
                <line number="73" hits="2" branch="false"/>
                <line number="74" hits="2" branch="false"/>
                <line number="75" hits="2" branch="false"/>
                <line number="76" hits="2" branch="false"/>
                <line number="78" hits="2" branch="false"/>
                <line number="80" hits="2" branch="false"/>
                <line number="82" hits="2" branch="false"/>
                <line number="83" hits="2" branch="false"/>
                <line number="84" hits="2" branch="false"/>
                <line number="86" hits="2" branch="false"/>
              </lines>
            </method>
            <method name="ls_synthetic_cdisc_data" signature="" line-rate="0.586206896551724" branch-rate="0" complexity="0">
              <lines>
                <line number="98" hits="5" branch="false"/>
                <line number="99" hits="5" branch="false"/>
                <line number="101" hits="5" branch="false"/>
                <line number="102" hits="0" branch="false"/>
                <line number="103" hits="0" branch="false"/>
                <line number="104" hits="0" branch="false"/>
                <line number="105" hits="0" branch="false"/>
                <line number="106" hits="0" branch="false"/>
                <line number="107" hits="0" branch="false"/>
                <line number="109" hits="5" branch="false"/>
                <line number="110" hits="5" branch="false"/>
                <line number="112" hits="5" branch="false"/>
                <line number="113" hits="0" branch="false"/>
                <line number="114" hits="0" branch="false"/>
                <line number="115" hits="0" branch="false"/>
                <line number="116" hits="0" branch="false"/>
                <line number="117" hits="0" branch="false"/>
                <line number="118" hits="0" branch="false"/>
                <line number="119" hits="5" branch="false"/>
                <line number="120" hits="5" branch="false"/>
                <line number="121" hits="5" branch="false"/>
                <line number="123" hits="5" branch="false"/>
                <line number="124" hits="5" branch="false"/>
                <line number="125" hits="5" branch="false"/>
                <line number="127" hits="5" branch="false"/>
                <line number="129" hits="5" branch="false"/>
                <line number="131" hits="5" branch="false"/>
                <line number="132" hits="5" branch="false"/>
                <line number="134" hits="5" branch="false"/>
              </lines>
            </method>
          </methods>
          <lines>
            <line number="17" hits="2" branch="false"/>
            <line number="18" hits="2" branch="false"/>
            <line number="20" hits="2" branch="false"/>
            <line number="21" hits="0" branch="false"/>
            <line number="24" hits="2" branch="false"/>
            <line number="25" hits="1" branch="false"/>
            <line number="28" hits="2" branch="false"/>
            <line number="29" hits="2" branch="false"/>
            <line number="30" hits="2" branch="false"/>
            <line number="31" hits="2" branch="false"/>
            <line number="33" hits="2" branch="false"/>
            <line number="35" hits="2" branch="false"/>
            <line number="37" hits="2" branch="false"/>
            <line number="38" hits="2" branch="false"/>
            <line number="39" hits="2" branch="false"/>
            <line number="41" hits="2" branch="false"/>
            <line number="63" hits="2" branch="false"/>
            <line number="65" hits="2" branch="false"/>
            <line number="66" hits="0" branch="false"/>
            <line number="69" hits="2" branch="false"/>
            <line number="70" hits="1" branch="false"/>
            <line number="73" hits="2" branch="false"/>
            <line number="74" hits="2" branch="false"/>
            <line number="75" hits="2" branch="false"/>
            <line number="76" hits="2" branch="false"/>
            <line number="78" hits="2" branch="false"/>
            <line number="80" hits="2" branch="false"/>
            <line number="82" hits="2" branch="false"/>
            <line number="83" hits="2" branch="false"/>
            <line number="84" hits="2" branch="false"/>
            <line number="86" hits="2" branch="false"/>
            <line number="98" hits="5" branch="false"/>
            <line number="99" hits="5" branch="false"/>
            <line number="101" hits="5" branch="false"/>
            <line number="102" hits="0" branch="false"/>
            <line number="103" hits="0" branch="false"/>
            <line number="104" hits="0" branch="false"/>
            <line number="105" hits="0" branch="false"/>
            <line number="106" hits="0" branch="false"/>
            <line number="107" hits="0" branch="false"/>
            <line number="109" hits="5" branch="false"/>
            <line number="110" hits="5" branch="false"/>
            <line number="112" hits="5" branch="false"/>
            <line number="113" hits="0" branch="false"/>
            <line number="114" hits="0" branch="false"/>
            <line number="115" hits="0" branch="false"/>
            <line number="116" hits="0" branch="false"/>
            <line number="117" hits="0" branch="false"/>
            <line number="118" hits="0" branch="false"/>
            <line number="119" hits="5" branch="false"/>
            <line number="120" hits="5" branch="false"/>
            <line number="121" hits="5" branch="false"/>
            <line number="123" hits="5" branch="false"/>
            <line number="124" hits="5" branch="false"/>
            <line number="125" hits="5" branch="false"/>
            <line number="127" hits="5" branch="false"/>
            <line number="129" hits="5" branch="false"/>
            <line number="131" hits="5" branch="false"/>
            <line number="132" hits="5" branch="false"/>
            <line number="134" hits="5" branch="false"/>
          </lines>
        </class>
        <class name="zzz.R" filename="R/zzz.R" line-rate="0.545454545454545" branch-rate="0" complexity="0">
          <methods>
            <method name=".onAttach" signature="" line-rate="0.545454545454545" branch-rate="0" complexity="0">
              <lines>
                <line number="2" hits="2" branch="false"/>
                <line number="3" hits="2" branch="false"/>
                <line number="4" hits="2" branch="false"/>
                <line number="5" hits="2" branch="false"/>
                <line number="6" hits="0" branch="false"/>
                <line number="7" hits="0" branch="false"/>
                <line number="8" hits="0" branch="false"/>
                <line number="9" hits="0" branch="false"/>
                <line number="10" hits="0" branch="false"/>
                <line number="11" hits="2" branch="false"/>
                <line number="12" hits="2" branch="false"/>
              </lines>
            </method>
          </methods>
          <lines>
            <line number="2" hits="2" branch="false"/>
            <line number="3" hits="2" branch="false"/>
            <line number="4" hits="2" branch="false"/>
            <line number="5" hits="2" branch="false"/>
            <line number="6" hits="0" branch="false"/>
            <line number="7" hits="0" branch="false"/>
            <line number="8" hits="0" branch="false"/>
            <line number="9" hits="0" branch="false"/>
            <line number="10" hits="0" branch="false"/>
            <line number="11" hits="2" branch="false"/>
            <line number="12" hits="2" branch="false"/>
          </lines>
        </class>
      </classes>
    </package>
  </packages>
</coverage>
