<?xml version="1.0" encoding="UTF-8"?>
<!DOCTYPE coverage SYSTEM "https://raw.githubusercontent.com/cobertura/cobertura/master/cobertura/src/site/htdocs/xml/coverage-04.dtd">
<coverage line-rate="0.0833333333333333" branch-rate="0" lines-covered="6" lines-valid="72" branches-covered="0" branches-valid="0" complexity="0" version="3.6.2" timestamp="2023-06-27 08:39:41.346861">
  <sources>
    <source>/__w/scda/scda/scda</source>
  </sources>
  <packages>
    <package name="scda" line-rate="0.0833333333333333" branch-rate="0" complexity="0">
      <classes>
        <class name="synthetic_cdisc_data.R" filename="R/synthetic_cdisc_data.R" line-rate="0" branch-rate="0" complexity="0">
          <methods>
            <method name="synthetic_cdisc_dataset" signature="" line-rate="0" branch-rate="0" complexity="0">
              <lines>
                <line number="15" hits="0" branch="false"/>
                <line number="16" hits="0" branch="false"/>
                <line number="18" hits="0" branch="false"/>
                <line number="19" hits="0" branch="false"/>
                <line number="22" hits="0" branch="false"/>
                <line number="23" hits="0" branch="false"/>
                <line number="24" hits="0" branch="false"/>
                <line number="27" hits="0" branch="false"/>
                <line number="28" hits="0" branch="false"/>
                <line number="29" hits="0" branch="false"/>
                <line number="30" hits="0" branch="false"/>
                <line number="32" hits="0" branch="false"/>
                <line number="34" hits="0" branch="false"/>
                <line number="36" hits="0" branch="false"/>
                <line number="37" hits="0" branch="false"/>
                <line number="38" hits="0" branch="false"/>
                <line number="40" hits="0" branch="false"/>
              </lines>
            </method>
            <method name="synthetic_cdisc_data" signature="" line-rate="0" branch-rate="0" complexity="0">
              <lines>
                <line number="65" hits="0" branch="false"/>
                <line number="67" hits="0" branch="false"/>
                <line number="68" hits="0" branch="false"/>
                <line number="71" hits="0" branch="false"/>
                <line number="72" hits="0" branch="false"/>
                <line number="75" hits="0" branch="false"/>
                <line number="76" hits="0" branch="false"/>
                <line number="77" hits="0" branch="false"/>
                <line number="78" hits="0" branch="false"/>
                <line number="80" hits="0" branch="false"/>
                <line number="82" hits="0" branch="false"/>
                <line number="84" hits="0" branch="false"/>
                <line number="85" hits="0" branch="false"/>
                <line number="86" hits="0" branch="false"/>
                <line number="88" hits="0" branch="false"/>
              </lines>
            </method>
            <method name="ls_synthetic_cdisc_data" signature="" line-rate="0" branch-rate="0" complexity="0">
              <lines>
                <line number="101" hits="0" branch="false"/>
                <line number="102" hits="0" branch="false"/>
                <line number="104" hits="0" branch="false"/>
                <line number="105" hits="0" branch="false"/>
                <line number="106" hits="0" branch="false"/>
                <line number="107" hits="0" branch="false"/>
                <line number="108" hits="0" branch="false"/>
                <line number="109" hits="0" branch="false"/>
                <line number="110" hits="0" branch="false"/>
                <line number="112" hits="0" branch="false"/>
                <line number="113" hits="0" branch="false"/>
                <line number="115" hits="0" branch="false"/>
                <line number="116" hits="0" branch="false"/>
                <line number="117" hits="0" branch="false"/>
                <line number="118" hits="0" branch="false"/>
                <line number="119" hits="0" branch="false"/>
                <line number="120" hits="0" branch="false"/>
                <line number="121" hits="0" branch="false"/>
                <line number="122" hits="0" branch="false"/>
                <line number="123" hits="0" branch="false"/>
                <line number="124" hits="0" branch="false"/>
                <line number="126" hits="0" branch="false"/>
                <line number="127" hits="0" branch="false"/>
                <line number="128" hits="0" branch="false"/>
                <line number="130" hits="0" branch="false"/>
                <line number="132" hits="0" branch="false"/>
                <line number="134" hits="0" branch="false"/>
                <line number="135" hits="0" branch="false"/>
                <line number="137" hits="0" branch="false"/>
              </lines>
            </method>
          </methods>
          <lines>
            <line number="15" hits="0" branch="false"/>
            <line number="16" hits="0" branch="false"/>
            <line number="18" hits="0" branch="false"/>
            <line number="19" hits="0" branch="false"/>
            <line number="22" hits="0" branch="false"/>
            <line number="23" hits="0" branch="false"/>
            <line number="24" hits="0" branch="false"/>
            <line number="27" hits="0" branch="false"/>
            <line number="28" hits="0" branch="false"/>
            <line number="29" hits="0" branch="false"/>
            <line number="30" hits="0" branch="false"/>
            <line number="32" hits="0" branch="false"/>
            <line number="34" hits="0" branch="false"/>
            <line number="36" hits="0" branch="false"/>
            <line number="37" hits="0" branch="false"/>
            <line number="38" hits="0" branch="false"/>
            <line number="40" hits="0" branch="false"/>
            <line number="65" hits="0" branch="false"/>
            <line number="67" hits="0" branch="false"/>
            <line number="68" hits="0" branch="false"/>
            <line number="71" hits="0" branch="false"/>
            <line number="72" hits="0" branch="false"/>
            <line number="75" hits="0" branch="false"/>
            <line number="76" hits="0" branch="false"/>
            <line number="77" hits="0" branch="false"/>
            <line number="78" hits="0" branch="false"/>
            <line number="80" hits="0" branch="false"/>
            <line number="82" hits="0" branch="false"/>
            <line number="84" hits="0" branch="false"/>
            <line number="85" hits="0" branch="false"/>
            <line number="86" hits="0" branch="false"/>
            <line number="88" hits="0" branch="false"/>
            <line number="101" hits="0" branch="false"/>
            <line number="102" hits="0" branch="false"/>
            <line number="104" hits="0" branch="false"/>
            <line number="105" hits="0" branch="false"/>
            <line number="106" hits="0" branch="false"/>
            <line number="107" hits="0" branch="false"/>
            <line number="108" hits="0" branch="false"/>
            <line number="109" hits="0" branch="false"/>
            <line number="110" hits="0" branch="false"/>
            <line number="112" hits="0" branch="false"/>
            <line number="113" hits="0" branch="false"/>
            <line number="115" hits="0" branch="false"/>
            <line number="116" hits="0" branch="false"/>
            <line number="117" hits="0" branch="false"/>
            <line number="118" hits="0" branch="false"/>
            <line number="119" hits="0" branch="false"/>
            <line number="120" hits="0" branch="false"/>
            <line number="121" hits="0" branch="false"/>
            <line number="122" hits="0" branch="false"/>
            <line number="123" hits="0" branch="false"/>
            <line number="124" hits="0" branch="false"/>
            <line number="126" hits="0" branch="false"/>
            <line number="127" hits="0" branch="false"/>
            <line number="128" hits="0" branch="false"/>
            <line number="130" hits="0" branch="false"/>
            <line number="132" hits="0" branch="false"/>
            <line number="134" hits="0" branch="false"/>
            <line number="135" hits="0" branch="false"/>
            <line number="137" hits="0" branch="false"/>
          </lines>
        </class>
        <class name="zzz.R" filename="R/zzz.R" line-rate="0.545454545454545" branch-rate="0" complexity="0">
          <methods>
            <method name=".onAttach" signature="" line-rate="0.545454545454545" branch-rate="0" complexity="0">
              <lines>
                <line number="2" hits="1" branch="false"/>
                <line number="3" hits="1" branch="false"/>
                <line number="4" hits="1" branch="false"/>
                <line number="5" hits="1" branch="false"/>
                <line number="6" hits="0" branch="false"/>
                <line number="7" hits="0" branch="false"/>
                <line number="8" hits="0" branch="false"/>
                <line number="9" hits="0" branch="false"/>
                <line number="10" hits="0" branch="false"/>
                <line number="11" hits="1" branch="false"/>
                <line number="12" hits="1" branch="false"/>
              </lines>
            </method>
          </methods>
          <lines>
            <line number="2" hits="1" branch="false"/>
            <line number="3" hits="1" branch="false"/>
            <line number="4" hits="1" branch="false"/>
            <line number="5" hits="1" branch="false"/>
            <line number="6" hits="0" branch="false"/>
            <line number="7" hits="0" branch="false"/>
            <line number="8" hits="0" branch="false"/>
            <line number="9" hits="0" branch="false"/>
            <line number="10" hits="0" branch="false"/>
            <line number="11" hits="1" branch="false"/>
            <line number="12" hits="1" branch="false"/>
          </lines>
        </class>
      </classes>
    </package>
  </packages>
</coverage>
